<?xml version="1.0" encoding="UTF-8"?>
<testng-results skipped="0" failed="0" total="1" passed="1">
  <reporter-output>
  </reporter-output>
  <suite name="Suite" duration-ms="27747" started-at="2020-02-24T02:55:01Z" finished-at="2020-02-24T02:55:29Z">
    <groups>
      <group name="cucumber">
        <method signature="AbstractTestNGCucumberTests.feature(cucumber.api.testng.CucumberFeatureWrapper)[pri:0, instance:bdd.runners.RunnerClass@7225790e]" name="feature" class="cucumber.api.testng.AbstractTestNGCucumberTests"/>
      </group> <!-- cucumber -->
    </groups>
    <test name="Test" duration-ms="27747" started-at="2020-02-24T02:55:01Z" finished-at="2020-02-24T02:55:29Z">
      <class name="bdd.runners.RunnerClass">
        <test-method status="PASS" signature="setUpClass()[pri:0, instance:bdd.runners.RunnerClass@7225790e]" name="setUpClass" is-config="true" duration-ms="1186" started-at="2020-02-23T21:55:01Z" finished-at="2020-02-23T21:55:02Z">
          <reporter-output>
          </reporter-output>
        </test-method> <!-- setUpClass -->
        <test-method status="PASS" signature="feature(cucumber.api.testng.CucumberFeatureWrapper)[pri:0, instance:bdd.runners.RunnerClass@7225790e]" name="feature" duration-ms="23876" started-at="2020-02-23T21:55:03Z" description="Runs Cucumber Feature" data-provider="features" finished-at="2020-02-23T21:55:27Z">
          <params>
            <param index="0">
              <value>
                <![CDATA[Users ability to search in google]]>
              </value>
            </param>
          </params>
          <reporter-output>
          </reporter-output>
        </test-method> <!-- feature -->
        <test-method status="PASS" signature="writeExtentReport()[pri:0, instance:bdd.runners.RunnerClass@7225790e]" name="writeExtentReport" is-config="true" duration-ms="50" started-at="2020-02-23T21:55:27Z" finished-at="2020-02-23T21:55:27Z">
          <reporter-output>
          </reporter-output>
        </test-method> <!-- writeExtentReport -->
        <test-method status="PASS" signature="tearDownClass()[pri:0, instance:bdd.runners.RunnerClass@7225790e]" name="tearDownClass" is-config="true" duration-ms="2298" started-at="2020-02-23T21:55:27Z" finished-at="2020-02-23T21:55:29Z">
          <reporter-output>
          </reporter-output>
        </test-method> <!-- tearDownClass -->
      </class> <!-- bdd.runners.RunnerClass -->
    </test> <!-- Test -->
  </suite> <!-- Suite -->
</testng-results>
